[2020-02-15 01:58:38] [marian] Marian v1.7.6 1d4ba732 2019-05-11 17:16:31 +0100
[2020-02-15 01:58:38] [marian] Running on adan19.grid.cesnet.cz as process 88905 with command line:
[2020-02-15 01:58:38] [marian] /storage/ostrava1/home/memduh/marian/build/marian --model /storage/plzen1/home/memduh/npfl101/projects/2019-2020-winter/memduh/exp/transformer/en2tr/model.back/model.npz --type s2s --train-sets /storage/plzen1/home/memduh/npfl101/projects/2019-2020-winter/memduh/exp/transformer/en2tr/data/train.bpe.tr /storage/plzen1/home/memduh/npfl101/projects/2019-2020-winter/memduh/exp/transformer/en2tr/data/train.bpe.en --max-length 100 --vocabs /storage/plzen1/home/memduh/npfl101/projects/2019-2020-winter/memduh/exp/transformer/en2tr/model/vocab.ende.yml /storage/plzen1/home/memduh/npfl101/projects/2019-2020-winter/memduh/exp/transformer/en2tr/model/vocab.ende.yml --mini-batch-fit -w 3500 --maxi-batch 1000 --valid-freq 10000 --save-freq 10000 --disp-freq 1000 --valid-metrics ce-mean-words perplexity translation --valid-script-path 'bash /storage/plzen1/home/memduh/npfl101/projects/2019-2020-winter/memduh/exp/scripts/validate.sh' --valid-translation-output /storage/plzen1/home/memduh/npfl101/projects/2019-2020-winter/memduh/exp/transformer/en2tr/data/valid.bpe.tr.output --quiet-translation --valid-sets /storage/plzen1/home/memduh/npfl101/projects/2019-2020-winter/memduh/exp/transformer/en2tr/data/valid.bpe.tr /storage/plzen1/home/memduh/npfl101/projects/2019-2020-winter/memduh/exp/transformer/en2tr/data/valid.bpe.en --valid-mini-batch 64 --beam-size 12 --normalize=1 --overwrite --keep-best --early-stopping 5 --after-epochs 10 --cost-type=ce-mean-words --log /storage/plzen1/home/memduh/npfl101/projects/2019-2020-winter/memduh/exp/transformer/en2tr/model.back/train.log --valid-log /storage/plzen1/home/memduh/npfl101/projects/2019-2020-winter/memduh/exp/transformer/en2tr/model.back/valid.log --tied-embeddings-all --layer-normalization --devices --seed 1111 --exponential-smoothing
[2020-02-15 01:58:38] [config] after-batches: 0
[2020-02-15 01:58:38] [config] after-epochs: 10
[2020-02-15 01:58:38] [config] allow-unk: false
[2020-02-15 01:58:38] [config] beam-size: 12
[2020-02-15 01:58:38] [config] best-deep: false
[2020-02-15 01:58:38] [config] clip-gemm: 0
[2020-02-15 01:58:38] [config] clip-norm: 1
[2020-02-15 01:58:38] [config] cost-type: ce-mean-words
[2020-02-15 01:58:38] [config] cpu-threads: 0
[2020-02-15 01:58:38] [config] data-weighting-type: sentence
[2020-02-15 01:58:38] [config] dec-cell: gru
[2020-02-15 01:58:38] [config] dec-cell-base-depth: 2
[2020-02-15 01:58:38] [config] dec-cell-high-depth: 1
[2020-02-15 01:58:38] [config] dec-depth: 1
[2020-02-15 01:58:38] [config] devices:
[2020-02-15 01:58:38] [config]   - 0
[2020-02-15 01:58:38] [config] dim-emb: 512
[2020-02-15 01:58:38] [config] dim-rnn: 1024
[2020-02-15 01:58:38] [config] dim-vocabs:
[2020-02-15 01:58:38] [config]   - 0
[2020-02-15 01:58:38] [config]   - 0
[2020-02-15 01:58:38] [config] disp-first: 0
[2020-02-15 01:58:38] [config] disp-freq: 1000
[2020-02-15 01:58:38] [config] disp-label-counts: false
[2020-02-15 01:58:38] [config] dropout-rnn: 0
[2020-02-15 01:58:38] [config] dropout-src: 0
[2020-02-15 01:58:38] [config] dropout-trg: 0
[2020-02-15 01:58:38] [config] early-stopping: 5
[2020-02-15 01:58:38] [config] embedding-fix-src: false
[2020-02-15 01:58:38] [config] embedding-fix-trg: false
[2020-02-15 01:58:38] [config] embedding-normalization: false
[2020-02-15 01:58:38] [config] enc-cell: gru
[2020-02-15 01:58:38] [config] enc-cell-depth: 1
[2020-02-15 01:58:38] [config] enc-depth: 1
[2020-02-15 01:58:38] [config] enc-type: bidirectional
[2020-02-15 01:58:38] [config] exponential-smoothing: 0.0001
[2020-02-15 01:58:38] [config] grad-dropping-momentum: 0
[2020-02-15 01:58:38] [config] grad-dropping-rate: 0
[2020-02-15 01:58:38] [config] grad-dropping-warmup: 100
[2020-02-15 01:58:38] [config] guided-alignment: none
[2020-02-15 01:58:38] [config] guided-alignment-cost: mse
[2020-02-15 01:58:38] [config] guided-alignment-weight: 0.1
[2020-02-15 01:58:38] [config] ignore-model-config: false
[2020-02-15 01:58:38] [config] interpolate-env-vars: false
[2020-02-15 01:58:38] [config] keep-best: true
[2020-02-15 01:58:38] [config] label-smoothing: 0
[2020-02-15 01:58:38] [config] layer-normalization: true
[2020-02-15 01:58:38] [config] learn-rate: 0.0001
[2020-02-15 01:58:38] [config] log: /storage/plzen1/home/memduh/npfl101/projects/2019-2020-winter/memduh/exp/transformer/en2tr/model.back/train.log
[2020-02-15 01:58:38] [config] log-level: info
[2020-02-15 01:58:38] [config] lr-decay: 0
[2020-02-15 01:58:38] [config] lr-decay-freq: 50000
[2020-02-15 01:58:38] [config] lr-decay-inv-sqrt: 0
[2020-02-15 01:58:38] [config] lr-decay-repeat-warmup: false
[2020-02-15 01:58:38] [config] lr-decay-reset-optimizer: false
[2020-02-15 01:58:38] [config] lr-decay-start:
[2020-02-15 01:58:38] [config]   - 10
[2020-02-15 01:58:38] [config]   - 1
[2020-02-15 01:58:38] [config] lr-decay-strategy: epoch+stalled
[2020-02-15 01:58:38] [config] lr-report: false
[2020-02-15 01:58:38] [config] lr-warmup: 0
[2020-02-15 01:58:38] [config] lr-warmup-at-reload: false
[2020-02-15 01:58:38] [config] lr-warmup-cycle: false
[2020-02-15 01:58:38] [config] lr-warmup-start-rate: 0
[2020-02-15 01:58:38] [config] max-length: 100
[2020-02-15 01:58:38] [config] max-length-crop: false
[2020-02-15 01:58:38] [config] max-length-factor: 3
[2020-02-15 01:58:38] [config] maxi-batch: 1000
[2020-02-15 01:58:38] [config] maxi-batch-sort: trg
[2020-02-15 01:58:38] [config] mini-batch: 64
[2020-02-15 01:58:38] [config] mini-batch-fit: true
[2020-02-15 01:58:38] [config] mini-batch-fit-step: 10
[2020-02-15 01:58:38] [config] mini-batch-words: 0
[2020-02-15 01:58:38] [config] model: /storage/plzen1/home/memduh/npfl101/projects/2019-2020-winter/memduh/exp/transformer/en2tr/model.back/model.npz
[2020-02-15 01:58:38] [config] multi-node: false
[2020-02-15 01:58:38] [config] multi-node-overlap: true
[2020-02-15 01:58:38] [config] n-best: false
[2020-02-15 01:58:38] [config] no-nccl: false
[2020-02-15 01:58:38] [config] no-reload: false
[2020-02-15 01:58:38] [config] no-restore-corpus: false
[2020-02-15 01:58:38] [config] no-shuffle: false
[2020-02-15 01:58:38] [config] normalize: 1
[2020-02-15 01:58:38] [config] optimizer: adam
[2020-02-15 01:58:38] [config] optimizer-delay: 1
[2020-02-15 01:58:38] [config] overwrite: true
[2020-02-15 01:58:38] [config] quiet: false
[2020-02-15 01:58:38] [config] quiet-translation: true
[2020-02-15 01:58:38] [config] relative-paths: false
[2020-02-15 01:58:38] [config] right-left: false
[2020-02-15 01:58:38] [config] save-freq: 10000
[2020-02-15 01:58:38] [config] seed: 1111
[2020-02-15 01:58:38] [config] shuffle-in-ram: false
[2020-02-15 01:58:38] [config] skip: false
[2020-02-15 01:58:38] [config] sqlite: ""
[2020-02-15 01:58:38] [config] sqlite-drop: false
[2020-02-15 01:58:38] [config] sync-sgd: false
[2020-02-15 01:58:38] [config] tempdir: /tmp
[2020-02-15 01:58:38] [config] tied-embeddings: false
[2020-02-15 01:58:38] [config] tied-embeddings-all: true
[2020-02-15 01:58:38] [config] tied-embeddings-src: false
[2020-02-15 01:58:38] [config] train-sets:
[2020-02-15 01:58:38] [config]   - /storage/plzen1/home/memduh/npfl101/projects/2019-2020-winter/memduh/exp/transformer/en2tr/data/train.bpe.tr
[2020-02-15 01:58:38] [config]   - /storage/plzen1/home/memduh/npfl101/projects/2019-2020-winter/memduh/exp/transformer/en2tr/data/train.bpe.en
[2020-02-15 01:58:38] [config] transformer-aan-activation: swish
[2020-02-15 01:58:38] [config] transformer-aan-depth: 2
[2020-02-15 01:58:38] [config] transformer-aan-nogate: false
[2020-02-15 01:58:38] [config] transformer-decoder-autoreg: self-attention
[2020-02-15 01:58:38] [config] transformer-dim-aan: 2048
[2020-02-15 01:58:38] [config] transformer-dim-ffn: 2048
[2020-02-15 01:58:38] [config] transformer-dropout: 0
[2020-02-15 01:58:38] [config] transformer-dropout-attention: 0
[2020-02-15 01:58:38] [config] transformer-dropout-ffn: 0
[2020-02-15 01:58:38] [config] transformer-ffn-activation: swish
[2020-02-15 01:58:38] [config] transformer-ffn-depth: 2
[2020-02-15 01:58:38] [config] transformer-guided-alignment-layer: last
[2020-02-15 01:58:38] [config] transformer-heads: 8
[2020-02-15 01:58:38] [config] transformer-no-projection: false
[2020-02-15 01:58:38] [config] transformer-postprocess: dan
[2020-02-15 01:58:38] [config] transformer-postprocess-emb: d
[2020-02-15 01:58:38] [config] transformer-preprocess: ""
[2020-02-15 01:58:38] [config] transformer-tied-layers:
[2020-02-15 01:58:38] [config]   []
[2020-02-15 01:58:38] [config] type: s2s
[2020-02-15 01:58:38] [config] ulr: false
[2020-02-15 01:58:38] [config] ulr-dim-emb: 0
[2020-02-15 01:58:38] [config] ulr-dropout: 0
[2020-02-15 01:58:38] [config] ulr-keys-vectors: ""
[2020-02-15 01:58:38] [config] ulr-query-vectors: ""
[2020-02-15 01:58:38] [config] ulr-softmax-temperature: 1
[2020-02-15 01:58:38] [config] ulr-trainable-transformation: false
[2020-02-15 01:58:38] [config] valid-freq: 10000
[2020-02-15 01:58:38] [config] valid-log: /storage/plzen1/home/memduh/npfl101/projects/2019-2020-winter/memduh/exp/transformer/en2tr/model.back/valid.log
[2020-02-15 01:58:38] [config] valid-max-length: 1000
[2020-02-15 01:58:38] [config] valid-metrics:
[2020-02-15 01:58:38] [config]   - ce-mean-words
[2020-02-15 01:58:38] [config]   - perplexity
[2020-02-15 01:58:38] [config]   - translation
[2020-02-15 01:58:38] [config] valid-mini-batch: 64
[2020-02-15 01:58:38] [config] valid-script-path: bash /storage/plzen1/home/memduh/npfl101/projects/2019-2020-winter/memduh/exp/scripts/validate.sh
[2020-02-15 01:58:38] [config] valid-sets:
[2020-02-15 01:58:38] [config]   - /storage/plzen1/home/memduh/npfl101/projects/2019-2020-winter/memduh/exp/transformer/en2tr/data/valid.bpe.tr
[2020-02-15 01:58:38] [config]   - /storage/plzen1/home/memduh/npfl101/projects/2019-2020-winter/memduh/exp/transformer/en2tr/data/valid.bpe.en
[2020-02-15 01:58:38] [config] valid-translation-output: /storage/plzen1/home/memduh/npfl101/projects/2019-2020-winter/memduh/exp/transformer/en2tr/data/valid.bpe.tr.output
[2020-02-15 01:58:38] [config] vocabs:
[2020-02-15 01:58:38] [config]   - /storage/plzen1/home/memduh/npfl101/projects/2019-2020-winter/memduh/exp/transformer/en2tr/model/vocab.ende.yml
[2020-02-15 01:58:38] [config]   - /storage/plzen1/home/memduh/npfl101/projects/2019-2020-winter/memduh/exp/transformer/en2tr/model/vocab.ende.yml
[2020-02-15 01:58:38] [config] word-penalty: 0
[2020-02-15 01:58:38] [config] workspace: 3500
[2020-02-15 01:58:38] [config] Model is being created with Marian v1.7.6 1d4ba732 2019-05-11 17:16:31 +0100
[2020-02-15 01:58:38] Using single-device training
[2020-02-15 01:58:38] [data] Creating vocabulary /storage/plzen1/home/memduh/npfl101/projects/2019-2020-winter/memduh/exp/transformer/en2tr/model/vocab.ende.yml from /storage/plzen1/home/memduh/npfl101/projects/2019-2020-winter/memduh/exp/transformer/en2tr/data/train.bpe.en, /storage/plzen1/home/memduh/npfl101/projects/2019-2020-winter/memduh/exp/transformer/en2tr/data/train.bpe.tr
[2020-02-15 01:58:44] [data] Loading vocabulary from JSON/Yaml file /storage/plzen1/home/memduh/npfl101/projects/2019-2020-winter/memduh/exp/transformer/en2tr/model/vocab.ende.yml
[2020-02-15 01:58:44] [data] Setting vocabulary size for input 0 to 33441
[2020-02-15 01:58:44] [data] Loading vocabulary from JSON/Yaml file /storage/plzen1/home/memduh/npfl101/projects/2019-2020-winter/memduh/exp/transformer/en2tr/model/vocab.ende.yml
[2020-02-15 01:58:45] [data] Setting vocabulary size for input 1 to 33441
[2020-02-15 01:58:45] [batching] Collecting statistics for batch fitting with step size 10
[2020-02-15 01:58:55] [memory] Extending reserved space to 3584 MB (device gpu0)
[2020-02-15 01:59:29] [memory] Reserving 194 MB, device gpu0
[2020-02-15 01:59:29] [memory] Reserving 194 MB, device gpu0
[2020-02-15 02:00:03] [batching] Done
[2020-02-15 02:00:03] [memory] Extending reserved space to 3584 MB (device gpu0)
[2020-02-15 02:00:03] Training started
[2020-02-15 02:00:03] [data] Shuffling files
[2020-02-15 02:00:03] [data] Done reading 1458624 sentences
[2020-02-15 02:00:06] [data] Done shuffling 1458624 sentences to temp files
[2020-02-15 02:00:08] [memory] Reserving 194 MB, device gpu0
[2020-02-15 02:00:08] [memory] Reserving 194 MB, device gpu0
[2020-02-15 02:00:08] [memory] Reserving 389 MB, device gpu0
[2020-02-15 02:00:08] [memory] Reserving 194 MB, device gpu0
[2020-02-15 02:14:01] Ep. 1 : Up. 1000 : Sen. 196,116 : Cost 5.97198963 : Time 838.20s : 5128.01 words/s
[2020-02-15 02:28:07] Ep. 1 : Up. 2000 : Sen. 393,136 : Cost 4.72433901 : Time 845.98s : 5064.53 words/s
[2020-02-15 02:42:14] Ep. 1 : Up. 3000 : Sen. 588,898 : Cost 4.18688345 : Time 846.97s : 5074.78 words/s
[2020-02-15 02:56:20] Ep. 1 : Up. 4000 : Sen. 786,521 : Cost 3.75601959 : Time 846.61s : 5077.65 words/s
[2020-02-15 03:10:25] Ep. 1 : Up. 5000 : Sen. 984,125 : Cost 3.42596817 : Time 844.38s : 5079.97 words/s
[2020-02-15 03:24:34] Ep. 1 : Up. 6000 : Sen. 1,179,195 : Cost 3.21507239 : Time 849.44s : 5080.34 words/s
[2020-02-15 03:38:42] Ep. 1 : Up. 7000 : Sen. 1,375,592 : Cost 2.99776340 : Time 848.08s : 5077.01 words/s
[2020-02-15 03:44:25] Seen 1454560 samples
[2020-02-15 03:44:25] Starting epoch 2
[2020-02-15 03:44:25] [data] Shuffling files
[2020-02-15 03:44:26] [data] Done reading 1458624 sentences
[2020-02-15 03:44:30] [data] Done shuffling 1458624 sentences to temp files
[2020-02-15 03:52:52] Ep. 2 : Up. 8000 : Sen. 116,984 : Cost 2.80579066 : Time 850.07s : 5002.15 words/s
[2020-02-15 04:07:01] Ep. 2 : Up. 9000 : Sen. 312,165 : Cost 2.68027377 : Time 848.34s : 5065.96 words/s
[2020-02-15 04:21:07] Ep. 2 : Up. 10000 : Sen. 506,568 : Cost 2.60152984 : Time 846.52s : 5080.37 words/s
[2020-02-15 04:22:12] Saving model weights and runtime parameters to /storage/plzen1/home/memduh/npfl101/projects/2019-2020-winter/memduh/exp/transformer/en2tr/model.back/model.npz.best-ce-mean-words.npz
[2020-02-15 04:22:15] [valid] Ep. 2 : Up. 10000 : ce-mean-words : 2.86817 : new best
[2020-02-15 04:22:21] Saving model weights and runtime parameters to /storage/plzen1/home/memduh/npfl101/projects/2019-2020-winter/memduh/exp/transformer/en2tr/model.back/model.npz.best-perplexity.npz
[2020-02-15 04:22:24] [valid] Ep. 2 : Up. 10000 : perplexity : 17.6048 : new best
[2020-02-15 04:23:52] Saving model weights and runtime parameters to /storage/plzen1/home/memduh/npfl101/projects/2019-2020-winter/memduh/exp/transformer/en2tr/model.back/model.npz.best-translation.npz
[2020-02-15 04:23:56] [valid] Ep. 2 : Up. 10000 : translation : 17.59 : new best
[2020-02-15 04:23:56] Saving model weights and runtime parameters to /storage/plzen1/home/memduh/npfl101/projects/2019-2020-winter/memduh/exp/transformer/en2tr/model.back/model.npz.orig.npz
[2020-02-15 04:23:58] Saving model weights and runtime parameters to /storage/plzen1/home/memduh/npfl101/projects/2019-2020-winter/memduh/exp/transformer/en2tr/model.back/model.npz
[2020-02-15 04:24:00] Saving Adam parameters to /storage/plzen1/home/memduh/npfl101/projects/2019-2020-winter/memduh/exp/transformer/en2tr/model.back/model.npz.optimizer.npz
[2020-02-15 04:38:11] Ep. 2 : Up. 11000 : Sen. 704,158 : Cost 2.50400424 : Time 1023.43s : 4186.11 words/s
[2020-02-15 04:52:20] Ep. 2 : Up. 12000 : Sen. 900,445 : Cost 2.45616913 : Time 849.57s : 5066.38 words/s
[2020-02-15 05:06:23] Ep. 2 : Up. 13000 : Sen. 1,098,922 : Cost 2.38036799 : Time 842.74s : 5081.12 words/s
[2020-02-15 05:20:29] Ep. 2 : Up. 14000 : Sen. 1,295,561 : Cost 2.34647226 : Time 845.64s : 5097.02 words/s
[2020-02-15 05:32:01] Seen 1454560 samples
[2020-02-15 05:32:01] Starting epoch 3
[2020-02-15 05:32:01] [data] Shuffling files
[2020-02-15 05:32:02] [data] Done reading 1458624 sentences
[2020-02-15 05:32:06] [data] Done shuffling 1458624 sentences to temp files
[2020-02-15 05:34:39] Ep. 3 : Up. 15000 : Sen. 33,633 : Cost 2.28065252 : Time 850.37s : 4994.15 words/s
[2020-02-15 05:48:41] Ep. 3 : Up. 16000 : Sen. 229,846 : Cost 2.14269066 : Time 842.26s : 5073.10 words/s
[2020-02-15 06:02:46] Ep. 3 : Up. 17000 : Sen. 427,510 : Cost 2.12390041 : Time 844.21s : 5095.22 words/s
[2020-02-15 06:16:53] Ep. 3 : Up. 18000 : Sen. 623,264 : Cost 2.11391449 : Time 847.54s : 5090.73 words/s
[2020-02-15 06:31:04] Ep. 3 : Up. 19000 : Sen. 819,466 : Cost 2.09941673 : Time 850.41s : 5066.24 words/s
[2020-02-15 06:45:05] Ep. 3 : Up. 20000 : Sen. 1,016,211 : Cost 2.06772661 : Time 841.65s : 5095.61 words/s
[2020-02-15 06:45:12] Saving model weights and runtime parameters to /storage/plzen1/home/memduh/npfl101/projects/2019-2020-winter/memduh/exp/transformer/en2tr/model.back/model.npz.best-ce-mean-words.npz
[2020-02-15 06:45:15] [valid] Ep. 3 : Up. 20000 : ce-mean-words : 2.35566 : new best
[2020-02-15 06:45:21] Saving model weights and runtime parameters to /storage/plzen1/home/memduh/npfl101/projects/2019-2020-winter/memduh/exp/transformer/en2tr/model.back/model.npz.best-perplexity.npz
[2020-02-15 06:45:25] [valid] Ep. 3 : Up. 20000 : perplexity : 10.5451 : new best
[2020-02-15 06:46:28] Saving model weights and runtime parameters to /storage/plzen1/home/memduh/npfl101/projects/2019-2020-winter/memduh/exp/transformer/en2tr/model.back/model.npz.best-translation.npz
[2020-02-15 06:46:32] [valid] Ep. 3 : Up. 20000 : translation : 22.98 : new best
[2020-02-15 06:46:32] Saving model weights and runtime parameters to /storage/plzen1/home/memduh/npfl101/projects/2019-2020-winter/memduh/exp/transformer/en2tr/model.back/model.npz.orig.npz
[2020-02-15 06:46:35] Saving model weights and runtime parameters to /storage/plzen1/home/memduh/npfl101/projects/2019-2020-winter/memduh/exp/transformer/en2tr/model.back/model.npz
[2020-02-15 06:46:37] Saving Adam parameters to /storage/plzen1/home/memduh/npfl101/projects/2019-2020-winter/memduh/exp/transformer/en2tr/model.back/model.npz.optimizer.npz
[2020-02-15 07:00:48] Ep. 3 : Up. 21000 : Sen. 1,213,404 : Cost 2.05541706 : Time 942.77s : 4562.95 words/s
[2020-02-15 07:14:48] Ep. 3 : Up. 22000 : Sen. 1,409,885 : Cost 2.03195405 : Time 840.50s : 5095.30 words/s
[2020-02-15 07:18:05] Seen 1454560 samples
[2020-02-15 07:18:05] Starting epoch 4
[2020-02-15 07:18:05] [data] Shuffling files
[2020-02-15 07:18:06] [data] Done reading 1458624 sentences
[2020-02-15 07:18:08] [data] Done shuffling 1458624 sentences to temp files
[2020-02-15 07:29:00] Ep. 4 : Up. 23000 : Sen. 150,593 : Cost 1.92273617 : Time 851.08s : 5042.47 words/s
[2020-02-15 07:43:04] Ep. 4 : Up. 24000 : Sen. 346,722 : Cost 1.87786961 : Time 844.91s : 5066.45 words/s
[2020-02-15 07:57:09] Ep. 4 : Up. 25000 : Sen. 542,319 : Cost 1.88081181 : Time 844.04s : 5066.45 words/s
[2020-02-15 08:11:14] Ep. 4 : Up. 26000 : Sen. 740,595 : Cost 1.87393332 : Time 845.11s : 5090.47 words/s
[2020-02-15 08:25:23] Ep. 4 : Up. 27000 : Sen. 939,194 : Cost 1.87662578 : Time 849.36s : 5106.37 words/s
[2020-02-15 08:39:31] Ep. 4 : Up. 28000 : Sen. 1,133,382 : Cost 1.86858237 : Time 848.37s : 5062.26 words/s
[2020-02-15 08:53:34] Ep. 4 : Up. 29000 : Sen. 1,333,585 : Cost 1.85189795 : Time 842.49s : 5118.02 words/s
[2020-02-15 09:02:28] Seen 1454560 samples
[2020-02-15 09:02:28] Starting epoch 5
[2020-02-15 09:02:28] [data] Shuffling files
[2020-02-15 09:02:28] [data] Done reading 1458624 sentences
[2020-02-15 09:02:31] [data] Done shuffling 1458624 sentences to temp files
[2020-02-15 09:07:42] Ep. 5 : Up. 30000 : Sen. 72,092 : Cost 1.80487001 : Time 847.89s : 5018.22 words/s
[2020-02-15 09:07:48] Saving model weights and runtime parameters to /storage/plzen1/home/memduh/npfl101/projects/2019-2020-winter/memduh/exp/transformer/en2tr/model.back/model.npz.best-ce-mean-words.npz
[2020-02-15 09:07:51] [valid] Ep. 5 : Up. 30000 : ce-mean-words : 2.16961 : new best
[2020-02-15 09:07:58] Saving model weights and runtime parameters to /storage/plzen1/home/memduh/npfl101/projects/2019-2020-winter/memduh/exp/transformer/en2tr/model.back/model.npz.best-perplexity.npz
[2020-02-15 09:08:00] [valid] Ep. 5 : Up. 30000 : perplexity : 8.75484 : new best
[2020-02-15 09:09:02] Saving model weights and runtime parameters to /storage/plzen1/home/memduh/npfl101/projects/2019-2020-winter/memduh/exp/transformer/en2tr/model.back/model.npz.best-translation.npz
[2020-02-15 09:09:05] [valid] Ep. 5 : Up. 30000 : translation : 25.16 : new best
[2020-02-15 09:09:05] Saving model weights and runtime parameters to /storage/plzen1/home/memduh/npfl101/projects/2019-2020-winter/memduh/exp/transformer/en2tr/model.back/model.npz.orig.npz
[2020-02-15 09:09:07] Saving model weights and runtime parameters to /storage/plzen1/home/memduh/npfl101/projects/2019-2020-winter/memduh/exp/transformer/en2tr/model.back/model.npz
[2020-02-15 09:09:10] Saving Adam parameters to /storage/plzen1/home/memduh/npfl101/projects/2019-2020-winter/memduh/exp/transformer/en2tr/model.back/model.npz.optimizer.npz
[2020-02-15 09:23:22] Ep. 5 : Up. 31000 : Sen. 268,094 : Cost 1.70144403 : Time 940.43s : 4575.57 words/s
[2020-02-15 09:37:24] Ep. 5 : Up. 32000 : Sen. 463,798 : Cost 1.72276068 : Time 842.17s : 5079.01 words/s
[2020-02-15 09:51:25] Ep. 5 : Up. 33000 : Sen. 661,894 : Cost 1.71578240 : Time 840.57s : 5099.82 words/s
[2020-02-15 10:05:30] Ep. 5 : Up. 34000 : Sen. 855,027 : Cost 1.73077059 : Time 844.68s : 5099.32 words/s
[2020-02-15 10:19:31] Ep. 5 : Up. 35000 : Sen. 1,054,626 : Cost 1.72049224 : Time 841.73s : 5083.12 words/s
[2020-02-15 10:33:43] Ep. 5 : Up. 36000 : Sen. 1,250,329 : Cost 1.72638583 : Time 851.78s : 5077.51 words/s
[2020-02-15 10:47:42] Ep. 5 : Up. 37000 : Sen. 1,444,688 : Cost 1.72691643 : Time 838.92s : 5057.90 words/s
[2020-02-15 10:48:26] Seen 1454560 samples
[2020-02-15 10:48:26] Starting epoch 6
[2020-02-15 10:48:26] [data] Shuffling files
[2020-02-15 10:48:26] [data] Done reading 1458624 sentences
[2020-02-15 10:48:29] [data] Done shuffling 1458624 sentences to temp files
[2020-02-15 11:01:53] Ep. 6 : Up. 38000 : Sen. 186,634 : Cost 1.57132959 : Time 850.67s : 5047.74 words/s
[2020-02-15 11:16:02] Ep. 6 : Up. 39000 : Sen. 384,000 : Cost 1.58183324 : Time 849.64s : 5095.93 words/s
[2020-02-15 11:30:10] Ep. 6 : Up. 40000 : Sen. 581,886 : Cost 1.59252393 : Time 847.75s : 5092.63 words/s
[2020-02-15 11:30:17] Saving model weights and runtime parameters to /storage/plzen1/home/memduh/npfl101/projects/2019-2020-winter/memduh/exp/transformer/en2tr/model.back/model.npz.best-ce-mean-words.npz
[2020-02-15 11:30:19] [valid] Ep. 6 : Up. 40000 : ce-mean-words : 2.08726 : new best
[2020-02-15 11:30:26] Saving model weights and runtime parameters to /storage/plzen1/home/memduh/npfl101/projects/2019-2020-winter/memduh/exp/transformer/en2tr/model.back/model.npz.best-perplexity.npz
[2020-02-15 11:30:28] [valid] Ep. 6 : Up. 40000 : perplexity : 8.0628 : new best
[2020-02-15 11:31:31] Saving model weights and runtime parameters to /storage/plzen1/home/memduh/npfl101/projects/2019-2020-winter/memduh/exp/transformer/en2tr/model.back/model.npz.best-translation.npz
[2020-02-15 11:31:33] [valid] Ep. 6 : Up. 40000 : translation : 26.28 : new best
[2020-02-15 11:31:33] Saving model weights and runtime parameters to /storage/plzen1/home/memduh/npfl101/projects/2019-2020-winter/memduh/exp/transformer/en2tr/model.back/model.npz.orig.npz
[2020-02-15 11:31:36] Saving model weights and runtime parameters to /storage/plzen1/home/memduh/npfl101/projects/2019-2020-winter/memduh/exp/transformer/en2tr/model.back/model.npz
[2020-02-15 11:31:38] Saving Adam parameters to /storage/plzen1/home/memduh/npfl101/projects/2019-2020-winter/memduh/exp/transformer/en2tr/model.back/model.npz.optimizer.npz
[2020-02-15 11:45:49] Ep. 6 : Up. 41000 : Sen. 778,092 : Cost 1.59896326 : Time 938.62s : 4575.67 words/s
[2020-02-15 11:59:46] Ep. 6 : Up. 42000 : Sen. 974,364 : Cost 1.59910226 : Time 837.66s : 5083.13 words/s
[2020-02-15 12:13:49] Ep. 6 : Up. 43000 : Sen. 1,170,235 : Cost 1.61920547 : Time 843.00s : 5097.60 words/s
[2020-02-15 12:27:54] Ep. 6 : Up. 44000 : Sen. 1,365,177 : Cost 1.62191963 : Time 844.29s : 5085.85 words/s
[2020-02-15 12:34:18] Seen 1454560 samples
[2020-02-15 12:34:18] Starting epoch 7
[2020-02-15 12:34:18] [data] Shuffling files
[2020-02-15 12:34:18] [data] Done reading 1458624 sentences
[2020-02-15 12:34:21] [data] Done shuffling 1458624 sentences to temp files
[2020-02-15 12:41:56] Ep. 7 : Up. 45000 : Sen. 103,723 : Cost 1.53242004 : Time 842.31s : 5020.95 words/s
[2020-02-15 12:56:04] Ep. 7 : Up. 46000 : Sen. 301,941 : Cost 1.45868838 : Time 847.51s : 5098.33 words/s
[2020-02-15 13:10:00] Ep. 7 : Up. 47000 : Sen. 497,645 : Cost 1.48849952 : Time 835.93s : 5090.49 words/s
[2020-02-15 13:24:06] Ep. 7 : Up. 48000 : Sen. 693,575 : Cost 1.49260294 : Time 846.05s : 5073.25 words/s
[2020-02-15 13:38:07] Ep. 7 : Up. 49000 : Sen. 890,425 : Cost 1.50452220 : Time 841.48s : 5101.79 words/s
[2020-02-15 13:52:15] Ep. 7 : Up. 50000 : Sen. 1,086,953 : Cost 1.51211834 : Time 847.91s : 5084.91 words/s
[2020-02-15 13:52:22] Saving model weights and runtime parameters to /storage/plzen1/home/memduh/npfl101/projects/2019-2020-winter/memduh/exp/transformer/en2tr/model.back/model.npz.best-ce-mean-words.npz
[2020-02-15 13:52:24] [valid] Ep. 7 : Up. 50000 : ce-mean-words : 2.04689 : new best
[2020-02-15 13:52:31] Saving model weights and runtime parameters to /storage/plzen1/home/memduh/npfl101/projects/2019-2020-winter/memduh/exp/transformer/en2tr/model.back/model.npz.best-perplexity.npz
[2020-02-15 13:52:33] [valid] Ep. 7 : Up. 50000 : perplexity : 7.74379 : new best
[2020-02-15 13:53:37] Saving model weights and runtime parameters to /storage/plzen1/home/memduh/npfl101/projects/2019-2020-winter/memduh/exp/transformer/en2tr/model.back/model.npz.best-translation.npz
[2020-02-15 13:53:40] [valid] Ep. 7 : Up. 50000 : translation : 26.68 : new best
[2020-02-15 13:53:40] Saving model weights and runtime parameters to /storage/plzen1/home/memduh/npfl101/projects/2019-2020-winter/memduh/exp/transformer/en2tr/model.back/model.npz.orig.npz
[2020-02-15 13:53:42] Saving model weights and runtime parameters to /storage/plzen1/home/memduh/npfl101/projects/2019-2020-winter/memduh/exp/transformer/en2tr/model.back/model.npz
[2020-02-15 13:53:45] Saving Adam parameters to /storage/plzen1/home/memduh/npfl101/projects/2019-2020-winter/memduh/exp/transformer/en2tr/model.back/model.npz.optimizer.npz
[2020-02-15 14:07:54] Ep. 7 : Up. 51000 : Sen. 1,282,556 : Cost 1.52062356 : Time 938.93s : 4559.22 words/s
[2020-02-15 14:20:18] Seen 1454560 samples
[2020-02-15 14:20:18] Starting epoch 8
[2020-02-15 14:20:18] [data] Shuffling files
[2020-02-15 14:20:19] [data] Done reading 1458624 sentences
[2020-02-15 14:20:23] [data] Done shuffling 1458624 sentences to temp files
[2020-02-15 14:22:12] Ep. 8 : Up. 52000 : Sen. 22,498 : Cost 1.50309265 : Time 858.12s : 5007.18 words/s
[2020-02-15 14:36:16] Ep. 8 : Up. 53000 : Sen. 219,997 : Cost 1.36303818 : Time 843.74s : 5074.40 words/s
[2020-02-15 14:50:18] Ep. 8 : Up. 54000 : Sen. 418,255 : Cost 1.38206625 : Time 842.31s : 5097.75 words/s
[2020-02-15 15:04:22] Ep. 8 : Up. 55000 : Sen. 610,977 : Cost 1.41077971 : Time 844.00s : 5057.20 words/s
[2020-02-15 15:18:31] Ep. 8 : Up. 56000 : Sen. 811,404 : Cost 1.39921081 : Time 848.49s : 5091.74 words/s
[2020-02-15 15:32:38] Ep. 8 : Up. 57000 : Sen. 1,003,627 : Cost 1.43666303 : Time 846.92s : 5067.34 words/s
[2020-02-15 15:46:38] Ep. 8 : Up. 58000 : Sen. 1,199,236 : Cost 1.42857182 : Time 840.29s : 5063.55 words/s
[2020-02-15 16:00:48] Ep. 8 : Up. 59000 : Sen. 1,397,755 : Cost 1.43578076 : Time 850.47s : 5080.77 words/s
[2020-02-15 16:04:57] Seen 1454560 samples
[2020-02-15 16:04:57] Starting epoch 9
[2020-02-15 16:04:57] [data] Shuffling files
[2020-02-15 16:04:57] [data] Done reading 1458624 sentences
[2020-02-15 16:05:01] [data] Done shuffling 1458624 sentences to temp files
[2020-02-15 16:14:58] Ep. 9 : Up. 60000 : Sen. 138,893 : Cost 1.32119441 : Time 849.50s : 5008.56 words/s
[2020-02-15 16:15:05] Saving model weights and runtime parameters to /storage/plzen1/home/memduh/npfl101/projects/2019-2020-winter/memduh/exp/transformer/en2tr/model.back/model.npz.best-ce-mean-words.npz
[2020-02-15 16:15:07] [valid] Ep. 9 : Up. 60000 : ce-mean-words : 2.02735 : new best
[2020-02-15 16:15:14] Saving model weights and runtime parameters to /storage/plzen1/home/memduh/npfl101/projects/2019-2020-winter/memduh/exp/transformer/en2tr/model.back/model.npz.best-perplexity.npz
[2020-02-15 16:15:16] [valid] Ep. 9 : Up. 60000 : perplexity : 7.59392 : new best
[2020-02-15 16:16:24] Saving model weights and runtime parameters to /storage/plzen1/home/memduh/npfl101/projects/2019-2020-winter/memduh/exp/transformer/en2tr/model.back/model.npz.best-translation.npz
[2020-02-15 16:16:27] [valid] Ep. 9 : Up. 60000 : translation : 27.23 : new best
[2020-02-15 16:16:27] Saving model weights and runtime parameters to /storage/plzen1/home/memduh/npfl101/projects/2019-2020-winter/memduh/exp/transformer/en2tr/model.back/model.npz.orig.npz
[2020-02-15 16:16:29] Saving model weights and runtime parameters to /storage/plzen1/home/memduh/npfl101/projects/2019-2020-winter/memduh/exp/transformer/en2tr/model.back/model.npz
[2020-02-15 16:16:32] Saving Adam parameters to /storage/plzen1/home/memduh/npfl101/projects/2019-2020-winter/memduh/exp/transformer/en2tr/model.back/model.npz.optimizer.npz
[2020-02-15 16:30:47] Ep. 9 : Up. 61000 : Sen. 333,621 : Cost 1.30285180 : Time 949.37s : 4529.85 words/s
[2020-02-15 16:44:48] Ep. 9 : Up. 62000 : Sen. 530,703 : Cost 1.31603789 : Time 840.87s : 5080.11 words/s
[2020-02-15 16:58:54] Ep. 9 : Up. 63000 : Sen. 726,346 : Cost 1.32876587 : Time 846.13s : 5068.07 words/s
[2020-02-15 17:13:08] Ep. 9 : Up. 64000 : Sen. 924,905 : Cost 1.34103608 : Time 853.35s : 5091.26 words/s
[2020-02-15 17:27:16] Ep. 9 : Up. 65000 : Sen. 1,121,339 : Cost 1.35570872 : Time 848.74s : 5059.25 words/s
[2020-02-15 17:41:18] Ep. 9 : Up. 66000 : Sen. 1,318,261 : Cost 1.36593091 : Time 842.10s : 5089.47 words/s
[2020-02-15 17:51:14] Seen 1454560 samples
[2020-02-15 17:51:14] Starting epoch 10
[2020-02-15 17:51:14] [data] Shuffling files
[2020-02-15 17:51:14] [data] Done reading 1458624 sentences
[2020-02-15 17:51:18] [data] Done shuffling 1458624 sentences to temp files
[2020-02-15 17:55:30] Ep. 10 : Up. 67000 : Sen. 57,910 : Cost 1.31829357 : Time 851.79s : 5009.63 words/s
[2020-02-15 18:09:37] Ep. 10 : Up. 68000 : Sen. 255,077 : Cost 1.21250641 : Time 846.90s : 5077.23 words/s
[2020-02-15 18:23:47] Ep. 10 : Up. 69000 : Sen. 452,592 : Cost 1.23342669 : Time 849.77s : 5077.08 words/s
[2020-02-15 18:37:54] Ep. 10 : Up. 70000 : Sen. 648,012 : Cost 1.25770903 : Time 847.59s : 5074.65 words/s
[2020-02-15 18:38:01] Saving model weights and runtime parameters to /storage/plzen1/home/memduh/npfl101/projects/2019-2020-winter/memduh/exp/transformer/en2tr/model.back/model.npz.best-ce-mean-words.npz
[2020-02-15 18:38:04] [valid] Ep. 10 : Up. 70000 : ce-mean-words : 2.02447 : new best
[2020-02-15 18:38:11] Saving model weights and runtime parameters to /storage/plzen1/home/memduh/npfl101/projects/2019-2020-winter/memduh/exp/transformer/en2tr/model.back/model.npz.best-perplexity.npz
[2020-02-15 18:38:14] [valid] Ep. 10 : Up. 70000 : perplexity : 7.57206 : new best
[2020-02-15 18:39:22] Saving model weights and runtime parameters to /storage/plzen1/home/memduh/npfl101/projects/2019-2020-winter/memduh/exp/transformer/en2tr/model.back/model.npz.best-translation.npz
[2020-02-15 18:39:24] [valid] Ep. 10 : Up. 70000 : translation : 27.55 : new best
[2020-02-15 18:39:24] Saving model weights and runtime parameters to /storage/plzen1/home/memduh/npfl101/projects/2019-2020-winter/memduh/exp/transformer/en2tr/model.back/model.npz.orig.npz
[2020-02-15 18:39:27] Saving model weights and runtime parameters to /storage/plzen1/home/memduh/npfl101/projects/2019-2020-winter/memduh/exp/transformer/en2tr/model.back/model.npz
[2020-02-15 18:39:31] Saving Adam parameters to /storage/plzen1/home/memduh/npfl101/projects/2019-2020-winter/memduh/exp/transformer/en2tr/model.back/model.npz.optimizer.npz
[2020-02-15 18:53:43] Ep. 10 : Up. 71000 : Sen. 845,929 : Cost 1.26973855 : Time 948.82s : 4514.04 words/s
[2020-02-15 19:07:52] Ep. 10 : Up. 72000 : Sen. 1,040,879 : Cost 1.28036368 : Time 848.48s : 5070.25 words/s
[2020-02-15 19:21:59] Ep. 10 : Up. 73000 : Sen. 1,238,808 : Cost 1.29561949 : Time 847.36s : 5075.31 words/s
[2020-02-15 19:36:07] Ep. 10 : Up. 74000 : Sen. 1,434,395 : Cost 1.30511594 : Time 848.01s : 5076.55 words/s
[2020-02-15 19:37:36] Seen 1454560 samples
[2020-02-15 19:37:36] Starting epoch 11
[2020-02-15 19:37:36] Training finished
[2020-02-15 19:37:36] Saving model weights and runtime parameters to /storage/plzen1/home/memduh/npfl101/projects/2019-2020-winter/memduh/exp/transformer/en2tr/model.back/model.npz.orig.npz
[2020-02-15 19:37:45] Saving model weights and runtime parameters to /storage/plzen1/home/memduh/npfl101/projects/2019-2020-winter/memduh/exp/transformer/en2tr/model.back/model.npz.best-ce-mean-words.npz
[2020-02-15 19:37:48] [valid] Ep. 11 : Up. 74107 : ce-mean-words : 2.0242 : new best
[2020-02-15 19:37:54] Saving model weights and runtime parameters to /storage/plzen1/home/memduh/npfl101/projects/2019-2020-winter/memduh/exp/transformer/en2tr/model.back/model.npz.best-perplexity.npz
[2020-02-15 19:37:57] [valid] Ep. 11 : Up. 74107 : perplexity : 7.57007 : new best
[2020-02-15 19:39:05] Saving model weights and runtime parameters to /storage/plzen1/home/memduh/npfl101/projects/2019-2020-winter/memduh/exp/transformer/en2tr/model.back/model.npz.best-translation.npz
[2020-02-15 19:39:08] [valid] Ep. 11 : Up. 74107 : translation : 27.94 : new best
[2020-02-15 19:39:08] Saving model weights and runtime parameters to /storage/plzen1/home/memduh/npfl101/projects/2019-2020-winter/memduh/exp/transformer/en2tr/model.back/model.npz
[2020-02-15 19:39:10] Saving Adam parameters to /storage/plzen1/home/memduh/npfl101/projects/2019-2020-winter/memduh/exp/transformer/en2tr/model.back/model.npz.optimizer.npz
[2020-02-15 19:46:01] [marian] Marian v1.7.6 1d4ba732 2019-05-11 17:16:31 +0100
[2020-02-15 19:46:01] [marian] Running on adan22.grid.cesnet.cz as process 26717 with command line:
[2020-02-15 19:46:01] [marian] /storage/ostrava1/home/memduh/marian/build/marian --model /storage/plzen1/home/memduh/npfl101/projects/2019-2020-winter/memduh/exp/transformer/en2tr/model.back/model.npz --type s2s --train-sets /storage/plzen1/home/memduh/npfl101/projects/2019-2020-winter/memduh/exp/transformer/en2tr/data/train.bpe.tr /storage/plzen1/home/memduh/npfl101/projects/2019-2020-winter/memduh/exp/transformer/en2tr/data/train.bpe.en --max-length 100 --vocabs /storage/plzen1/home/memduh/npfl101/projects/2019-2020-winter/memduh/exp/transformer/en2tr/model/vocab.ende.yml /storage/plzen1/home/memduh/npfl101/projects/2019-2020-winter/memduh/exp/transformer/en2tr/model/vocab.ende.yml --mini-batch-fit -w 3500 --maxi-batch 1000 --valid-freq 10000 --save-freq 10000 --disp-freq 1000 --valid-metrics ce-mean-words perplexity translation --valid-script-path 'bash /storage/plzen1/home/memduh/npfl101/projects/2019-2020-winter/memduh/exp/scripts/validate.sh' --valid-translation-output /storage/plzen1/home/memduh/npfl101/projects/2019-2020-winter/memduh/exp/transformer/en2tr/data/valid.bpe.tr.output --quiet-translation --valid-sets /storage/plzen1/home/memduh/npfl101/projects/2019-2020-winter/memduh/exp/transformer/en2tr/data/valid.bpe.tr /storage/plzen1/home/memduh/npfl101/projects/2019-2020-winter/memduh/exp/transformer/en2tr/data/valid.bpe.en --valid-mini-batch 64 --beam-size 12 --normalize=1 --overwrite --keep-best --early-stopping 5 --after-epochs 10 --cost-type=ce-mean-words --log /storage/plzen1/home/memduh/npfl101/projects/2019-2020-winter/memduh/exp/transformer/en2tr/model.back/train.log --valid-log /storage/plzen1/home/memduh/npfl101/projects/2019-2020-winter/memduh/exp/transformer/en2tr/model.back/valid.log --tied-embeddings-all --layer-normalization --devices --seed 1111 --exponential-smoothing
[2020-02-15 19:46:03] [config] after-batches: 0
[2020-02-15 19:46:03] [config] after-epochs: 10
[2020-02-15 19:46:03] [config] allow-unk: false
[2020-02-15 19:46:03] [config] beam-size: 12
[2020-02-15 19:46:03] [config] best-deep: false
[2020-02-15 19:46:03] [config] clip-gemm: 0
[2020-02-15 19:46:03] [config] clip-norm: 1
[2020-02-15 19:46:03] [config] cost-type: ce-mean-words
[2020-02-15 19:46:03] [config] cpu-threads: 0
[2020-02-15 19:46:03] [config] data-weighting-type: sentence
[2020-02-15 19:46:03] [config] dec-cell: gru
[2020-02-15 19:46:03] [config] dec-cell-base-depth: 2
[2020-02-15 19:46:03] [config] dec-cell-high-depth: 1
[2020-02-15 19:46:03] [config] dec-depth: 1
[2020-02-15 19:46:03] [config] devices:
[2020-02-15 19:46:03] [config]   - 0
[2020-02-15 19:46:03] [config] dim-emb: 512
[2020-02-15 19:46:03] [config] dim-rnn: 1024
[2020-02-15 19:46:03] [config] dim-vocabs:
[2020-02-15 19:46:03] [config]   - 33441
[2020-02-15 19:46:03] [config]   - 33441
[2020-02-15 19:46:03] [config] disp-first: 0
[2020-02-15 19:46:03] [config] disp-freq: 1000
[2020-02-15 19:46:03] [config] disp-label-counts: false
[2020-02-15 19:46:03] [config] dropout-rnn: 0
[2020-02-15 19:46:03] [config] dropout-src: 0
[2020-02-15 19:46:03] [config] dropout-trg: 0
[2020-02-15 19:46:03] [config] early-stopping: 5
[2020-02-15 19:46:03] [config] embedding-fix-src: false
[2020-02-15 19:46:03] [config] embedding-fix-trg: false
[2020-02-15 19:46:03] [config] embedding-normalization: false
[2020-02-15 19:46:03] [config] enc-cell: gru
[2020-02-15 19:46:03] [config] enc-cell-depth: 1
[2020-02-15 19:46:03] [config] enc-depth: 1
[2020-02-15 19:46:03] [config] enc-type: bidirectional
[2020-02-15 19:46:03] [config] exponential-smoothing: 0.0001
[2020-02-15 19:46:03] [config] grad-dropping-momentum: 0
[2020-02-15 19:46:03] [config] grad-dropping-rate: 0
[2020-02-15 19:46:03] [config] grad-dropping-warmup: 100
[2020-02-15 19:46:03] [config] guided-alignment: none
[2020-02-15 19:46:03] [config] guided-alignment-cost: mse
[2020-02-15 19:46:03] [config] guided-alignment-weight: 0.1
[2020-02-15 19:46:03] [config] ignore-model-config: false
[2020-02-15 19:46:03] [config] interpolate-env-vars: false
[2020-02-15 19:46:03] [config] keep-best: true
[2020-02-15 19:46:03] [config] label-smoothing: 0
[2020-02-15 19:46:03] [config] layer-normalization: true
[2020-02-15 19:46:03] [config] learn-rate: 0.0001
[2020-02-15 19:46:03] [config] log: /storage/plzen1/home/memduh/npfl101/projects/2019-2020-winter/memduh/exp/transformer/en2tr/model.back/train.log
[2020-02-15 19:46:03] [config] log-level: info
[2020-02-15 19:46:03] [config] lr-decay: 0
[2020-02-15 19:46:03] [config] lr-decay-freq: 50000
[2020-02-15 19:46:03] [config] lr-decay-inv-sqrt: 0
[2020-02-15 19:46:03] [config] lr-decay-repeat-warmup: false
[2020-02-15 19:46:03] [config] lr-decay-reset-optimizer: false
[2020-02-15 19:46:03] [config] lr-decay-start:
[2020-02-15 19:46:03] [config]   - 10
[2020-02-15 19:46:03] [config]   - 1
[2020-02-15 19:46:03] [config] lr-decay-strategy: epoch+stalled
[2020-02-15 19:46:03] [config] lr-report: false
[2020-02-15 19:46:03] [config] lr-warmup: 0
[2020-02-15 19:46:03] [config] lr-warmup-at-reload: false
[2020-02-15 19:46:03] [config] lr-warmup-cycle: false
[2020-02-15 19:46:03] [config] lr-warmup-start-rate: 0
[2020-02-15 19:46:03] [config] max-length: 100
[2020-02-15 19:46:03] [config] max-length-crop: false
[2020-02-15 19:46:03] [config] max-length-factor: 3
[2020-02-15 19:46:03] [config] maxi-batch: 1000
[2020-02-15 19:46:03] [config] maxi-batch-sort: trg
[2020-02-15 19:46:03] [config] mini-batch: 64
[2020-02-15 19:46:03] [config] mini-batch-fit: true
[2020-02-15 19:46:03] [config] mini-batch-fit-step: 10
[2020-02-15 19:46:03] [config] mini-batch-words: 0
[2020-02-15 19:46:03] [config] model: /storage/plzen1/home/memduh/npfl101/projects/2019-2020-winter/memduh/exp/transformer/en2tr/model.back/model.npz
[2020-02-15 19:46:03] [config] multi-node: false
[2020-02-15 19:46:03] [config] multi-node-overlap: true
[2020-02-15 19:46:03] [config] n-best: false
[2020-02-15 19:46:03] [config] no-nccl: false
[2020-02-15 19:46:03] [config] no-reload: false
[2020-02-15 19:46:03] [config] no-restore-corpus: false
[2020-02-15 19:46:03] [config] no-shuffle: false
[2020-02-15 19:46:03] [config] normalize: 1
[2020-02-15 19:46:03] [config] optimizer: adam
[2020-02-15 19:46:03] [config] optimizer-delay: 1
[2020-02-15 19:46:03] [config] overwrite: true
[2020-02-15 19:46:03] [config] quiet: false
[2020-02-15 19:46:03] [config] quiet-translation: true
[2020-02-15 19:46:03] [config] relative-paths: false
[2020-02-15 19:46:03] [config] right-left: false
[2020-02-15 19:46:03] [config] save-freq: 10000
[2020-02-15 19:46:03] [config] seed: 1111
[2020-02-15 19:46:03] [config] shuffle-in-ram: false
[2020-02-15 19:46:03] [config] skip: false
[2020-02-15 19:46:03] [config] sqlite: ""
[2020-02-15 19:46:03] [config] sqlite-drop: false
[2020-02-15 19:46:03] [config] sync-sgd: false
[2020-02-15 19:46:03] [config] tempdir: /tmp
[2020-02-15 19:46:03] [config] tied-embeddings: false
[2020-02-15 19:46:03] [config] tied-embeddings-all: true
[2020-02-15 19:46:03] [config] tied-embeddings-src: false
[2020-02-15 19:46:03] [config] train-sets:
[2020-02-15 19:46:03] [config]   - /storage/plzen1/home/memduh/npfl101/projects/2019-2020-winter/memduh/exp/transformer/en2tr/data/train.bpe.tr
[2020-02-15 19:46:03] [config]   - /storage/plzen1/home/memduh/npfl101/projects/2019-2020-winter/memduh/exp/transformer/en2tr/data/train.bpe.en
[2020-02-15 19:46:03] [config] transformer-aan-activation: swish
[2020-02-15 19:46:03] [config] transformer-aan-depth: 2
[2020-02-15 19:46:03] [config] transformer-aan-nogate: false
[2020-02-15 19:46:03] [config] transformer-decoder-autoreg: self-attention
[2020-02-15 19:46:03] [config] transformer-dim-aan: 2048
[2020-02-15 19:46:03] [config] transformer-dim-ffn: 2048
[2020-02-15 19:46:03] [config] transformer-dropout: 0
[2020-02-15 19:46:03] [config] transformer-dropout-attention: 0
[2020-02-15 19:46:03] [config] transformer-dropout-ffn: 0
[2020-02-15 19:46:03] [config] transformer-ffn-activation: swish
[2020-02-15 19:46:03] [config] transformer-ffn-depth: 2
[2020-02-15 19:46:03] [config] transformer-guided-alignment-layer: last
[2020-02-15 19:46:03] [config] transformer-heads: 8
[2020-02-15 19:46:03] [config] transformer-no-projection: false
[2020-02-15 19:46:03] [config] transformer-postprocess: dan
[2020-02-15 19:46:03] [config] transformer-postprocess-emb: d
[2020-02-15 19:46:03] [config] transformer-preprocess: ""
[2020-02-15 19:46:03] [config] transformer-tied-layers:
[2020-02-15 19:46:03] [config]   []
[2020-02-15 19:46:03] [config] type: s2s
[2020-02-15 19:46:03] [config] ulr: false
[2020-02-15 19:46:03] [config] ulr-dim-emb: 0
[2020-02-15 19:46:03] [config] ulr-dropout: 0
[2020-02-15 19:46:03] [config] ulr-keys-vectors: ""
[2020-02-15 19:46:03] [config] ulr-query-vectors: ""
[2020-02-15 19:46:03] [config] ulr-softmax-temperature: 1
[2020-02-15 19:46:03] [config] ulr-trainable-transformation: false
[2020-02-15 19:46:03] [config] valid-freq: 10000
[2020-02-15 19:46:03] [config] valid-log: /storage/plzen1/home/memduh/npfl101/projects/2019-2020-winter/memduh/exp/transformer/en2tr/model.back/valid.log
[2020-02-15 19:46:03] [config] valid-max-length: 1000
[2020-02-15 19:46:03] [config] valid-metrics:
[2020-02-15 19:46:03] [config]   - ce-mean-words
[2020-02-15 19:46:03] [config]   - perplexity
[2020-02-15 19:46:03] [config]   - translation
[2020-02-15 19:46:03] [config] valid-mini-batch: 64
[2020-02-15 19:46:03] [config] valid-script-path: bash /storage/plzen1/home/memduh/npfl101/projects/2019-2020-winter/memduh/exp/scripts/validate.sh
[2020-02-15 19:46:03] [config] valid-sets:
[2020-02-15 19:46:03] [config]   - /storage/plzen1/home/memduh/npfl101/projects/2019-2020-winter/memduh/exp/transformer/en2tr/data/valid.bpe.tr
[2020-02-15 19:46:03] [config]   - /storage/plzen1/home/memduh/npfl101/projects/2019-2020-winter/memduh/exp/transformer/en2tr/data/valid.bpe.en
[2020-02-15 19:46:03] [config] valid-translation-output: /storage/plzen1/home/memduh/npfl101/projects/2019-2020-winter/memduh/exp/transformer/en2tr/data/valid.bpe.tr.output
[2020-02-15 19:46:03] [config] version: v1.7.6 1d4ba732 2019-05-11 17:16:31 +0100
[2020-02-15 19:46:03] [config] vocabs:
[2020-02-15 19:46:03] [config]   - /storage/plzen1/home/memduh/npfl101/projects/2019-2020-winter/memduh/exp/transformer/en2tr/model/vocab.ende.yml
[2020-02-15 19:46:03] [config]   - /storage/plzen1/home/memduh/npfl101/projects/2019-2020-winter/memduh/exp/transformer/en2tr/model/vocab.ende.yml
[2020-02-15 19:46:03] [config] word-penalty: 0
[2020-02-15 19:46:03] [config] workspace: 3500
[2020-02-15 19:46:03] [config] Loaded model has been created with Marian v1.7.6 1d4ba732 2019-05-11 17:16:31 +0100
[2020-02-15 19:46:03] Using single-device training
[2020-02-15 19:46:03] [data] Loading vocabulary from JSON/Yaml file /storage/plzen1/home/memduh/npfl101/projects/2019-2020-winter/memduh/exp/transformer/en2tr/model/vocab.ende.yml
[2020-02-15 19:46:03] [data] Setting vocabulary size for input 0 to 33441
[2020-02-15 19:46:03] [data] Loading vocabulary from JSON/Yaml file /storage/plzen1/home/memduh/npfl101/projects/2019-2020-winter/memduh/exp/transformer/en2tr/model/vocab.ende.yml
[2020-02-15 19:46:03] [data] Setting vocabulary size for input 1 to 33441
[2020-02-15 19:46:03] [batching] Collecting statistics for batch fitting with step size 10
[2020-02-15 19:46:16] [memory] Extending reserved space to 3584 MB (device gpu0)
[2020-02-15 19:46:18] [memory] Reserving 194 MB, device gpu0
[2020-02-15 19:46:18] [memory] Reserving 194 MB, device gpu0
[2020-02-15 19:46:51] [batching] Done
[2020-02-15 19:46:51] [memory] Extending reserved space to 3584 MB (device gpu0)
[2020-02-15 19:46:52] Loading model from /storage/plzen1/home/memduh/npfl101/projects/2019-2020-winter/memduh/exp/transformer/en2tr/model.back/model.npz.orig.npz
[2020-02-15 19:46:54] Loading model from /storage/plzen1/home/memduh/npfl101/projects/2019-2020-winter/memduh/exp/transformer/en2tr/model.back/model.npz
[2020-02-15 19:46:56] [memory] Reserving 194 MB, device gpu0
[2020-02-15 19:46:56] Loading Adam parameters from /storage/plzen1/home/memduh/npfl101/projects/2019-2020-winter/memduh/exp/transformer/en2tr/model.back/model.npz.optimizer.npz
[2020-02-15 19:47:00] [memory] Reserving 389 MB, device gpu0
[2020-02-15 19:47:01] [data] Restoring the corpus state to epoch 11, batch 74107
[2020-02-15 19:47:01] [data] Shuffling files
[2020-02-15 19:47:04] [data] Done reading 1458624 sentences
[2020-02-15 19:47:07] [data] Done shuffling 1458624 sentences to temp files
[2020-02-15 19:47:08] Training started
[2020-02-15 19:47:08] Training finished
